16-05-2024 12∶09∶32 second_user deleted С0123456
16-05-2024 12∶11∶56 Category to= Laptop,
16-05-2024 12∶12∶13 second_user deleted С012345
16-05-2024 12∶34∶50 second_user deleted ыфва
16-05-2024 12∶36∶15 second_user added С0123456
16-05-2024 12∶36∶43 second_user deleted С0123456
16-05-2024 12∶46∶45second_user modified  Status to= Available.
16-05-2024 12∶47∶44 second_user modified  Manufacturer to= HP.
16-05-2024 12∶48∶05 second_user modified  Category to= Laptop.
16-05-2024 12∶48∶49 second_user modified  Status to= In repair, Department to= Logistics, PO to= 1234567890.
16-05-2024 12∶50∶35 second_user added С012345
16-05-2024 12∶50∶46 second_user deleted С012345
16-05-2024 13∶06∶31 second_user added С0123456
16-05-2024 18∶54∶30 user added C032632
16-05-2024 18∶55∶13 user modifiedName to= C03263, Status to= Available, Manufacturer to= Microsoft, Category to= PC, Department to= Production, Model to= G5, S/N to= 12345, Description to= descr.
16-05-2024 18∶57∶01 user modified  Department to= Logistics.
16-05-2024 18∶59∶31 user modified  Name to= C0326321.
16-05-2024 19∶01∶05 usermodified  Name to= C032632.
16-05-2024 19∶02∶07 user modified Name to= C0326321.
16-05-2024 19∶02∶28 user modified Description to= descr1.
16-05-2024 19∶09∶53 user added C032632Status= AvailableManufacturer= HPCategory PCDepartment= ProductionModel= G5S/N= 1234PO= 1234567890Inv. nr.= 987654321Descr.= Here is Description
16-05-2024 19∶14∶12 user added C032632, Status= Available, Manufacturer= HP, Category PC, Department= Logistics, Model= G5, S/N= 1234, PO= 1234567890, Inv. nr.= 987654321, Descr.= Here is something about the item
16-05-2024 19∶16∶33 user added Hp mini G3, Status= Other, Manufacturer= Other, Category Other, Department= Other, Model= G5, S/N= 1234, PO= 123, Inv. nr.= 1234, Descr.= adtatat
16-05-2024 19∶17∶33 user modified Name to= C032632, Status to= In use, Manufacturer to= Microsoft, Category to= Laptop, Department to= Production, Model to= G52, S/N to= 123dfg, PO to= 1232, Inv. nr. to= 12342, Description to= adtatat2.
16-05-2024 19∶22∶48 user modified Status to= Available.
